[debug] [2022-05-12T12:57:26.811Z] ----------------------------------------------------------------------
[debug] [2022-05-12T12:57:26.813Z] Command:       /Users/shun-ichirotanaka/.nodenv/versions/16.11.0/bin/node /Users/shun-ichirotanaka/.nodenv/versions/16.11.0/bin/firebase login
[debug] [2022-05-12T12:57:26.813Z] CLI Version:   10.2.2
[debug] [2022-05-12T12:57:26.813Z] Platform:      darwin
[debug] [2022-05-12T12:57:26.813Z] Node Version:  v16.11.0
[debug] [2022-05-12T12:57:26.814Z] Time:          Thu May 12 2022 21:57:26 GMT+0900 (日本標準時)
[debug] [2022-05-12T12:57:26.814Z] ----------------------------------------------------------------------
[debug] 
[debug] [2022-05-12T12:57:26.816Z] >>> [apiv2][query] GET https://firebase-public.firebaseio.com/cli.json [none]
[info] i  Firebase optionally collects CLI usage and error reporting information to help improve our products. Data is collected in accordance with Google's privacy policy (https://policies.google.com/privacy) and is not used to identify you.
 
[debug] [2022-05-12T12:57:27.278Z] <<< [apiv2][status] GET https://firebase-public.firebaseio.com/cli.json 200
[debug] [2022-05-12T12:57:27.279Z] <<< [apiv2][body] GET https://firebase-public.firebaseio.com/cli.json {"cloudBuildErrorAfter":1594252800000,"cloudBuildWarnAfter":1590019200000,"defaultNode10After":1594252800000,"minVersion":"3.0.5","node8DeploysDisabledAfter":1613390400000,"node8RuntimeDisabledAfter":1615809600000,"node8WarnAfter":1600128000000}
[info] i  To change your data collection preference at any time, run `firebase logout` and log in again. 
[info] 
[info] Visit this URL on this device to log in:
[info] https://accounts.google.com/o/oauth2/auth?client_id=563584335869-fgrhgmd47bqnekij5i8b5pr03ho849e6.apps.googleusercontent.com&scope=email%20openid%20https%3A%2F%2Fwww.googleapis.com%2Fauth%2Fcloudplatformprojects.readonly%20https%3A%2F%2Fwww.googleapis.com%2Fauth%2Ffirebase%20https%3A%2F%2Fwww.googleapis.com%2Fauth%2Fcloud-platform&response_type=code&state=451854495&redirect_uri=http%3A%2F%2Flocalhost%3A9005
[info] 
[info] Waiting for authentication...
[debug] [2022-05-12T13:00:35.616Z] ----------------------------------------------------------------------
[debug] [2022-05-12T13:00:35.617Z] Command:       /Users/shun-ichirotanaka/.nodenv/versions/16.11.0/bin/node /Users/shun-ichirotanaka/.nodenv/versions/16.11.0/bin/firebase login
[debug] [2022-05-12T13:00:35.618Z] CLI Version:   10.2.2
[debug] [2022-05-12T13:00:35.618Z] Platform:      darwin
[debug] [2022-05-12T13:00:35.618Z] Node Version:  v16.11.0
[debug] [2022-05-12T13:00:35.619Z] Time:          Thu May 12 2022 22:00:35 GMT+0900 (日本標準時)
[debug] [2022-05-12T13:00:35.619Z] ----------------------------------------------------------------------
[debug] 
[info] i  Firebase optionally collects CLI usage and error reporting information to help improve our products. Data is collected in accordance with Google's privacy policy (https://policies.google.com/privacy) and is not used to identify you.
 
[info] i  To change your data collection preference at any time, run `firebase logout` and log in again. 
[info] 
[info] Visit this URL on this device to log in:
[info] https://accounts.google.com/o/oauth2/auth?client_id=563584335869-fgrhgmd47bqnekij5i8b5pr03ho849e6.apps.googleusercontent.com&scope=email%20openid%20https%3A%2F%2Fwww.googleapis.com%2Fauth%2Fcloudplatformprojects.readonly%20https%3A%2F%2Fwww.googleapis.com%2Fauth%2Ffirebase%20https%3A%2F%2Fwww.googleapis.com%2Fauth%2Fcloud-platform&response_type=code&state=279573188&redirect_uri=http%3A%2F%2Flocalhost%3A9005
[info] 
[info] Waiting for authentication...
